<?xml version="1.0" encoding="UTF-8"?>
<testng-results ignored="0" total="2" passed="2" failed="0" skipped="0">
  <reporter-output>
  </reporter-output>
  <suite started-at="2024-04-13T11:17:36 CDT" name="Default Suite" finished-at="2024-04-13T11:17:43 CDT" duration-ms="7123">
    <groups>
    </groups>
    <test started-at="2024-04-13T11:17:36 CDT" name="RestAssuredApi" finished-at="2024-04-13T11:17:43 CDT" duration-ms="7123">
      <class name="APITests">
        <test-method signature="getSingleUser()[pri:0, instance:APITests@123f1134]" started-at="2024-04-13T11:17:36 CDT" name="getSingleUser" finished-at="2024-04-13T11:17:43 CDT" duration-ms="6056" status="PASS">
          <reporter-output>
          </reporter-output>
        </test-method> <!-- getSingleUser -->
        <test-method signature="getUsers()[pri:0, instance:APITests@123f1134]" started-at="2024-04-13T11:17:43 CDT" name="getUsers" finished-at="2024-04-13T11:17:43 CDT" duration-ms="859" status="PASS">
          <reporter-output>
          </reporter-output>
        </test-method> <!-- getUsers -->
      </class> <!-- APITests -->
    </test> <!-- RestAssuredApi -->
  </suite> <!-- Default Suite -->
</testng-results>
