<?xml version="1.0" encoding="UTF-8"?>
<testng-results ignored="0" total="2" passed="2" failed="0" skipped="0">
  <reporter-output>
  </reporter-output>
  <suite started-at="2024-04-13T10:31:50 CDT" name="Default Suite" finished-at="2024-04-13T10:32:00 CDT" duration-ms="9903">
    <groups>
    </groups>
    <test started-at="2024-04-13T10:31:50 CDT" name="RestAssuredApi" finished-at="2024-04-13T10:32:00 CDT" duration-ms="9903">
      <class name="APITests">
        <test-method signature="getSingleUser()[pri:0, instance:APITests@17c1bced]" started-at="2024-04-13T10:31:51 CDT" name="getSingleUser" finished-at="2024-04-13T10:31:59 CDT" duration-ms="8739" status="PASS">
          <reporter-output>
          </reporter-output>
        </test-method> <!-- getSingleUser -->
        <test-method signature="getUsers()[pri:0, instance:APITests@17c1bced]" started-at="2024-04-13T10:31:59 CDT" name="getUsers" finished-at="2024-04-13T10:32:00 CDT" duration-ms="451" status="PASS">
          <reporter-output>
          </reporter-output>
        </test-method> <!-- getUsers -->
      </class> <!-- APITests -->
    </test> <!-- RestAssuredApi -->
  </suite> <!-- Default Suite -->
</testng-results>
